<?xml version="1.0" encoding="UTF-8"?>
<testsuite name="ru.netology.test.PaymentPageTest" tests="1" skipped="0" failures="0" errors="0" timestamp="2020-02-27T11:00:22" hostname="DESKTOP-SU2QJ66" time="15.026">
  <properties/>
  <testcase name="shouldHaveErrorTextIfPutFutureYearhInCredit()" classname="ru.netology.test.PaymentPageTest" time="15.026"/>
  <system-out><![CDATA[]]></system-out>
  <system-err><![CDATA[фев 27, 2020 3:00:22 PM com.codeborne.selenide.drivercommands.LazyDriver getAndCheckWebDriver
INFO: No webdriver is bound to current thread: 11 - let's create a new webdriver
SLF4J: Failed to load class "org.slf4j.impl.StaticLoggerBinder".
SLF4J: Defaulting to no-operation (NOP) logger implementation
SLF4J: See http://www.slf4j.org/codes.html#StaticLoggerBinder for further details.
Starting ChromeDriver 80.0.3987.106 (f68069574609230cf9b635cd784cfb1bf81bb53a-refs/branch-heads/3987@{#882}) on port 28927
Only local connections are allowed.
Please protect ports used by ChromeDriver and related test frameworks to prevent access by malicious code.
[1582801227.917][WARNING]: Timed out connecting to Chrome, retrying...
фев 27, 2020 3:00:29 PM org.openqa.selenium.remote.ProtocolHandshake createSession
INFO: Detected dialect: W3C
фев 27, 2020 3:00:30 PM com.codeborne.selenide.webdriver.BrowserResizer adjustBrowserSize
INFO: Set browser size to 1366x768
[1582801232.073][WARNING]: Timed out connecting to Chrome, retrying...
фев 27, 2020 3:00:34 PM com.codeborne.selenide.webdriver.WebDriverFactory logBrowserVersion
INFO: BrowserName=chrome Version=80.0.3987.122 Platform=WINDOWS
фев 27, 2020 3:00:34 PM com.codeborne.selenide.webdriver.WebDriverFactory createWebDriver
INFO: Selenide v. 5.3.1
фев 27, 2020 3:00:34 PM com.codeborne.selenide.webdriver.WebDriverFactory logSeleniumInfo
INFO: Selenium WebDriver v. 3.141.59 build time: 2018-11-14T08:17:03
фев 27, 2020 3:00:34 PM com.codeborne.selenide.drivercommands.CreateDriverCommand createDriver
INFO: Create webdriver in current thread 11: ChromeDriver -> ChromeDriver: chrome on WINDOWS (cc21a6cf97ec14975fda71c691390c09)
[1582801234.479][SEVERE]: Timed out receiving message from renderer: 0.100
]]></system-err>
</testsuite>
